2024-12-15 14:55:28,960 - urllib3.connectionpool (1051) - DEBUG    - MainThread   - Starting new HTTPS connection (1): www.allure.com:443
2024-12-15 14:55:29,016 - urllib3.connectionpool (546) - DEBUG    - MainThread   - https://www.allure.com:443 "GET /topic/trends HTTP/11" 200 None
2024-12-15 14:55:29,062 - urllib3.connectionpool (1051) - DEBUG    - MainThread   - Starting new HTTPS connection (1): www.allure.com:443
2024-12-15 14:55:29,110 - urllib3.connectionpool (546) - DEBUG    - MainThread   - https://www.allure.com:443 "GET /story/hair-care-trends-2025 HTTP/11" 200 None
2024-12-15 14:55:32,197 - urllib3.connectionpool (1051) - DEBUG    - MainThread   - Starting new HTTPS connection (1): www.allure.com:443
2024-12-15 14:55:32,248 - urllib3.connectionpool (546) - DEBUG    - MainThread   - https://www.allure.com:443 "GET /story/2025-makeup-trends HTTP/11" 200 None
2024-12-15 14:55:35,349 - urllib3.connectionpool (1051) - DEBUG    - MainThread   - Starting new HTTPS connection (1): www.allure.com:443
2024-12-15 14:55:35,557 - urllib3.connectionpool (546) - DEBUG    - MainThread   - https://www.allure.com:443 "GET /story/2025-fragrance-trends HTTP/11" 200 None
2024-12-15 14:55:38,676 - urllib3.connectionpool (1051) - DEBUG    - MainThread   - Starting new HTTPS connection (1): www.allure.com:443
2024-12-15 14:55:38,795 - urllib3.connectionpool (546) - DEBUG    - MainThread   - https://www.allure.com:443 "GET /story/2025-haircut-trends HTTP/11" 200 None
2024-12-15 14:55:41,875 - urllib3.connectionpool (1051) - DEBUG    - MainThread   - Starting new HTTPS connection (1): www.allure.com:443
2024-12-15 14:55:42,268 - urllib3.connectionpool (546) - DEBUG    - MainThread   - https://www.allure.com:443 "GET /story/dusting-powder-trend-tiktok HTTP/11" 200 None
2024-12-15 14:56:22,273 - urllib3.connectionpool (1051) - DEBUG    - MainThread   - Starting new HTTPS connection (1): www.allure.com:443
2024-12-15 14:56:22,389 - urllib3.connectionpool (546) - DEBUG    - MainThread   - https://www.allure.com:443 "GET /topic/trends HTTP/11" 200 None
2024-12-15 14:56:22,449 - urllib3.connectionpool (1051) - DEBUG    - MainThread   - Starting new HTTPS connection (1): www.allure.com:443
2024-12-15 14:56:22,503 - urllib3.connectionpool (546) - DEBUG    - MainThread   - https://www.allure.com:443 "GET /story/hair-care-trends-2025 HTTP/11" 200 None
2024-12-15 14:56:25,593 - urllib3.connectionpool (1051) - DEBUG    - MainThread   - Starting new HTTPS connection (1): www.allure.com:443
2024-12-15 14:56:25,648 - urllib3.connectionpool (546) - DEBUG    - MainThread   - https://www.allure.com:443 "GET /story/2025-makeup-trends HTTP/11" 200 None
2024-12-15 14:56:28,752 - urllib3.connectionpool (1051) - DEBUG    - MainThread   - Starting new HTTPS connection (1): www.allure.com:443
2024-12-15 14:56:28,801 - urllib3.connectionpool (546) - DEBUG    - MainThread   - https://www.allure.com:443 "GET /story/2025-fragrance-trends HTTP/11" 200 None
2024-12-15 14:56:31,910 - urllib3.connectionpool (1051) - DEBUG    - MainThread   - Starting new HTTPS connection (1): www.allure.com:443
2024-12-15 14:56:31,973 - urllib3.connectionpool (546) - DEBUG    - MainThread   - https://www.allure.com:443 "GET /story/2025-haircut-trends HTTP/11" 200 None
2024-12-15 14:56:35,047 - urllib3.connectionpool (1051) - DEBUG    - MainThread   - Starting new HTTPS connection (1): www.allure.com:443
2024-12-15 14:56:35,096 - urllib3.connectionpool (546) - DEBUG    - MainThread   - https://www.allure.com:443 "GET /story/dusting-powder-trend-tiktok HTTP/11" 200 None
2024-12-15 14:56:38,145 - urllib3.connectionpool (1051) - DEBUG    - MainThread   - Starting new HTTPS connection (1): www.allure.com:443
2024-12-15 14:56:38,223 - urllib3.connectionpool (546) - DEBUG    - MainThread   - https://www.allure.com:443 "GET /story/hair-color-trends-2025 HTTP/11" 200 None
2024-12-15 14:56:41,294 - urllib3.connectionpool (1051) - DEBUG    - MainThread   - Starting new HTTPS connection (1): huggingface.co:443
2024-12-15 14:56:41,518 - urllib3.connectionpool (546) - DEBUG    - MainThread   - https://huggingface.co:443 "HEAD /google/long-t5-tglobal-base/resolve/main/tokenizer_config.json HTTP/11" 404 0
2024-12-15 14:56:41,709 - urllib3.connectionpool (546) - DEBUG    - MainThread   - https://huggingface.co:443 "HEAD /google/long-t5-tglobal-base/resolve/main/config.json HTTP/11" 200 0
2024-12-15 14:56:41,858 - urllib3.connectionpool (546) - DEBUG    - MainThread   - https://huggingface.co:443 "HEAD /google/long-t5-tglobal-base/resolve/main/tokenizer_config.json HTTP/11" 404 0
2024-12-15 14:56:42,235 - urllib3.connectionpool (546) - DEBUG    - MainThread   - https://huggingface.co:443 "HEAD /google/long-t5-tglobal-base/resolve/main/spiece.model HTTP/11" 302 0
2024-12-15 14:56:42,710 - urllib3.connectionpool (546) - DEBUG    - MainThread   - https://huggingface.co:443 "HEAD /google/long-t5-tglobal-base/resolve/main/config.json HTTP/11" 200 0
2024-12-15 14:56:42,847 - urllib3.connectionpool (546) - DEBUG    - MainThread   - https://huggingface.co:443 "HEAD /google/long-t5-tglobal-base/resolve/main/config.json HTTP/11" 200 0
2024-12-15 14:56:42,991 - urllib3.connectionpool (546) - DEBUG    - MainThread   - https://huggingface.co:443 "HEAD /google/long-t5-tglobal-base/resolve/main/model.safetensors HTTP/11" 404 0
2024-12-15 14:56:43,033 - urllib3.connectionpool (1051) - DEBUG    - MainThread   - Starting new HTTPS connection (1): huggingface.co:443
2024-12-15 14:56:43,215 - urllib3.connectionpool (546) - DEBUG    - MainThread   - https://huggingface.co:443 "GET /api/models/google/long-t5-tglobal-base HTTP/11" 200 1253
2024-12-15 14:56:43,324 - urllib3.connectionpool (546) - DEBUG    - MainThread   - https://huggingface.co:443 "HEAD /google/long-t5-tglobal-base/resolve/main/generation_config.json HTTP/11" 200 0
2024-12-15 14:56:43,397 - urllib3.connectionpool (546) - DEBUG    - MainThread   - https://huggingface.co:443 "GET /api/models/google/long-t5-tglobal-base/commits/main HTTP/11" 200 2726
2024-12-15 14:56:43,623 - urllib3.connectionpool (546) - DEBUG    - MainThread   - https://huggingface.co:443 "GET /api/models/google/long-t5-tglobal-base/discussions?p=0 HTTP/11" 200 2319
2024-12-15 14:56:43,803 - urllib3.connectionpool (546) - DEBUG    - MainThread   - https://huggingface.co:443 "GET /api/models/google/long-t5-tglobal-base/commits/refs%2Fpr%2F3 HTTP/11" 200 3691
2024-12-15 14:56:43,816 - urllib3.connectionpool (1051) - DEBUG    - MainThread   - Starting new HTTPS connection (1): safetensors-convert.hf.space:443
2024-12-15 14:56:44,246 - urllib3.connectionpool (546) - DEBUG    - MainThread   - https://safetensors-convert.hf.space:443 "POST /call/run HTTP/11" 200 47
2024-12-15 14:56:44,248 - urllib3.connectionpool (1051) - DEBUG    - MainThread   - Starting new HTTPS connection (1): safetensors-convert.hf.space:443
2024-12-15 14:56:44,515 - urllib3.connectionpool (546) - DEBUG    - MainThread   - https://safetensors-convert.hf.space:443 "GET /call/run/7cbff374ce9447659bca27e2f11bfc57 HTTP/11" 200 None
2024-12-15 14:56:46,034 - urllib3.connectionpool (546) - DEBUG    - MainThread   - https://huggingface.co:443 "GET /api/models/google/long-t5-tglobal-base/commits/main HTTP/11" 200 2726
